2026-04-14 04:16:23,445 [INFO] __main__: GPU: NVIDIA A10G (compute capability 8.6)
2026-04-14 04:16:23,446 [INFO] __main__: Experiment grid: 2 pairs x 3 gammas x 1 temps x 4 tasks = 24 speculative + 8 baseline = 32 total configs
2026-04-14 04:16:26,248 [INFO] datasets: PyTorch version 2.7.1 available.
2026-04-14 04:16:26,249 [INFO] datasets: TensorFlow version 2.19.0 available.
2026-04-14 04:16:26,715 [INFO] __main__: ======================================================================
2026-04-14 04:16:26,715 [INFO] __main__: Starting pair F
2026-04-14 04:16:26,715 [INFO] __main__: ======================================================================
2026-04-14 04:16:26,715 [INFO] runner: Pair F: 12 speculative configs + baselines
2026-04-14 04:16:26,715 [INFO] models: Loading model pair F ...
Traceback (most recent call last):
  File "/usr/local/lib/python3.12/dist-packages/huggingface_hub/utils/_http.py", line 409, in hf_raise_for_status
    response.raise_for_status()
  File "/usr/local/lib/python3.12/dist-packages/requests/models.py", line 1026, in raise_for_status
    raise HTTPError(http_error_msg, response=self)
requests.exceptions.HTTPError: 401 Client Error: Unauthorized for url: https://huggingface.co/google/gemma-3-1b-it/resolve/main/config.json

The above exception was the direct cause of the following exception:

Traceback (most recent call last):
  File "/usr/local/lib/python3.12/dist-packages/transformers/utils/hub.py", line 470, in cached_files
    hf_hub_download(
  File "/usr/local/lib/python3.12/dist-packages/huggingface_hub/utils/_validators.py", line 114, in _inner_fn
    return fn(*args, **kwargs)
           ^^^^^^^^^^^^^^^^^^^
  File "/usr/local/lib/python3.12/dist-packages/huggingface_hub/file_download.py", line 1008, in hf_hub_download
    return _hf_hub_download_to_cache_dir(
           ^^^^^^^^^^^^^^^^^^^^^^^^^^^^^^
  File "/usr/local/lib/python3.12/dist-packages/huggingface_hub/file_download.py", line 1115, in _hf_hub_download_to_cache_dir
    _raise_on_head_call_error(head_call_error, force_download, local_files_only)
  File "/usr/local/lib/python3.12/dist-packages/huggingface_hub/file_download.py", line 1645, in _raise_on_head_call_error
    raise head_call_error
  File "/usr/local/lib/python3.12/dist-packages/huggingface_hub/file_download.py", line 1533, in _get_metadata_or_catch_error
    metadata = get_hf_file_metadata(
               ^^^^^^^^^^^^^^^^^^^^^
  File "/usr/local/lib/python3.12/dist-packages/huggingface_hub/utils/_validators.py", line 114, in _inner_fn
    return fn(*args, **kwargs)
           ^^^^^^^^^^^^^^^^^^^
  File "/usr/local/lib/python3.12/dist-packages/huggingface_hub/file_download.py", line 1450, in get_hf_file_metadata
    r = _request_wrapper(
        ^^^^^^^^^^^^^^^^^
  File "/usr/local/lib/python3.12/dist-packages/huggingface_hub/file_download.py", line 286, in _request_wrapper
    response = _request_wrapper(
               ^^^^^^^^^^^^^^^^^
  File "/usr/local/lib/python3.12/dist-packages/huggingface_hub/file_download.py", line 310, in _request_wrapper
    hf_raise_for_status(response)
  File "/usr/local/lib/python3.12/dist-packages/huggingface_hub/utils/_http.py", line 426, in hf_raise_for_status
    raise _format(GatedRepoError, message, response) from e
huggingface_hub.errors.GatedRepoError: 401 Client Error. (Request ID: Root=1-69ddbf9a-6f901555550ddbab6d856d00;69925f8c-e15d-4207-9243-dc4a272a524b)

Cannot access gated repo for url https://huggingface.co/google/gemma-3-1b-it/resolve/main/config.json.
Access to model google/gemma-3-1b-it is restricted. You must have access to it and be authenticated to access it. Please log in.

The above exception was the direct cause of the following exception:

Traceback (most recent call last):
  File "/home/ubuntu/final-project/Final-Project-Group3/Code/sweep.py", line 232, in <module>
    main()
  File "/home/ubuntu/final-project/Final-Project-Group3/Code/sweep.py", line 197, in main
    run_pair_sweep(
  File "/home/ubuntu/final-project/Final-Project-Group3/Code/runner.py", line 282, in run_pair_sweep
    target_model, draft_model, tokenizer = load_model_pair(pair)
                                           ^^^^^^^^^^^^^^^^^^^^^
  File "/home/ubuntu/final-project/Final-Project-Group3/Code/models.py", line 100, in load_model_pair
    tokenizer = load_tokenizer(pair.draft_model_id)
                ^^^^^^^^^^^^^^^^^^^^^^^^^^^^^^^^^^^
  File "/home/ubuntu/final-project/Final-Project-Group3/Code/models.py", line 30, in load_tokenizer
    tokenizer = AutoTokenizer.from_pretrained(model_id, trust_remote_code=True)
                ^^^^^^^^^^^^^^^^^^^^^^^^^^^^^^^^^^^^^^^^^^^^^^^^^^^^^^^^^^^^^^^
  File "/usr/local/lib/python3.12/dist-packages/transformers/models/auto/tokenization_auto.py", line 1002, in from_pretrained
    config = AutoConfig.from_pretrained(
             ^^^^^^^^^^^^^^^^^^^^^^^^^^^
  File "/usr/local/lib/python3.12/dist-packages/transformers/models/auto/configuration_auto.py", line 1197, in from_pretrained
    config_dict, unused_kwargs = PretrainedConfig.get_config_dict(pretrained_model_name_or_path, **kwargs)
                                 ^^^^^^^^^^^^^^^^^^^^^^^^^^^^^^^^^^^^^^^^^^^^^^^^^^^^^^^^^^^^^^^^^^^^^^^^^
  File "/usr/local/lib/python3.12/dist-packages/transformers/configuration_utils.py", line 608, in get_config_dict
    config_dict, kwargs = cls._get_config_dict(pretrained_model_name_or_path, **kwargs)
                          ^^^^^^^^^^^^^^^^^^^^^^^^^^^^^^^^^^^^^^^^^^^^^^^^^^^^^^^^^^^^^
  File "/usr/local/lib/python3.12/dist-packages/transformers/configuration_utils.py", line 667, in _get_config_dict
    resolved_config_file = cached_file(
                           ^^^^^^^^^^^^
  File "/usr/local/lib/python3.12/dist-packages/transformers/utils/hub.py", line 312, in cached_file
    file = cached_files(path_or_repo_id=path_or_repo_id, filenames=[filename], **kwargs)
           ^^^^^^^^^^^^^^^^^^^^^^^^^^^^^^^^^^^^^^^^^^^^^^^^^^^^^^^^^^^^^^^^^^^^^^^^^^^^^
  File "/usr/local/lib/python3.12/dist-packages/transformers/utils/hub.py", line 533, in cached_files
    raise OSError(
OSError: You are trying to access a gated repo.
Make sure to have access to it at https://huggingface.co/google/gemma-3-1b-it.
401 Client Error. (Request ID: Root=1-69ddbf9a-6f901555550ddbab6d856d00;69925f8c-e15d-4207-9243-dc4a272a524b)

Cannot access gated repo for url https://huggingface.co/google/gemma-3-1b-it/resolve/main/config.json.
Access to model google/gemma-3-1b-it is restricted. You must have access to it and be authenticated to access it. Please log in.
